This is pdfTeX, Version 3.141592653-2.6-1.40.26 (TeX Live 2024/Arch Linux) (preloaded format=pdflatex 2025.1.14)  20 JAN 2025 15:26
entering extended mode
 \write18 enabled.
 file:line:error style messages enabled.
 %&-line parsing enabled.
**main.tex
(./main.tex
LaTeX2e <2023-11-01> patch level 1
L3 programming layer <2024-02-20>
(/usr/share/texmf-dist/tex/latex/amscls/amsthm.sty
Package: amsthm 2020/05/29 v2.20.6
\thm@style=\toks17
\thm@bodyfont=\toks18
\thm@headfont=\toks19
\thm@notefont=\toks20
\thm@headpunct=\toks21
\thm@preskip=\skip48
\thm@postskip=\skip49
\thm@headsep=\skip50
\dth@everypar=\toks22
) (./sn-jnl.cls
Document Class: sn-jnl 2019/11/18 v0.1: An authoring template for Springer Journal articles
(/usr/share/texmf-dist/tex/latex/base/article.cls
Document Class: article 2023/05/17 v1.4n Standard LaTeX document class
(/usr/share/texmf-dist/tex/latex/base/fleqn.clo
File: fleqn.clo 2016/12/29 v1.2b Standard LaTeX option (flush left equations)
\mathindent=\skip51
Applying: [2015/01/01] Make \[ robust on input line 50.
LaTeX Info: Redefining \[ on input line 51.
Already applied: [0000/00/00] Make \[ robust on input line 62.
Applying: [2015/01/01] Make \] robust on input line 74.
LaTeX Info: Redefining \] on input line 75.
Already applied: [0000/00/00] Make \] robust on input line 83.
) (/usr/share/texmf-dist/tex/latex/base/size10.clo
File: size10.clo 2023/05/17 v1.4n Standard LaTeX file (size option)
)
\c@part=\count188
\c@section=\count189
\c@subsection=\count190
\c@subsubsection=\count191
\c@paragraph=\count192
\c@subparagraph=\count193
\c@figure=\count194
\c@table=\count195
\abovecaptionskip=\skip52
\belowcaptionskip=\skip53
\bibindent=\dimen140
)
LaTeX Info: Redefining \rm on input line 145.
LaTeX Info: Redefining \sf on input line 146.
LaTeX Info: Redefining \tt on input line 147.
LaTeX Info: Redefining \bf on input line 148.
LaTeX Info: Redefining \it on input line 149.
LaTeX Info: Redefining \sl on input line 150.
LaTeX Info: Redefining \sc on input line 151.
LaTeX Info: Redefining \cal on input line 152.
LaTeX Info: Redefining \mit on input line 153.
LaTeX Info: Redefining \textsubscript on input line 211.
\columnhsize=\skip54
 (/usr/share/texmf-dist/tex/latex/geometry/geometry.sty
Package: geometry 2020/01/02 v5.9 Page Geometry
 (/usr/share/texmf-dist/tex/latex/graphics/keyval.sty
Package: keyval 2022/05/29 v1.15 key=value parser (DPC)
\KV@toks@=\toks23
) (/usr/share/texmf-dist/tex/generic/iftex/ifvtex.sty
Package: ifvtex 2019/10/25 v1.7 ifvtex legacy package. Use iftex instead.
 (/usr/share/texmf-dist/tex/generic/iftex/iftex.sty
Package: iftex 2022/02/03 v1.0f TeX engine tests
))
\Gm@cnth=\count196
\Gm@cntv=\count197
\c@Gm@tempcnt=\count198
\Gm@bindingoffset=\dimen141
\Gm@wd@mp=\dimen142
\Gm@odd@mp=\dimen143
\Gm@even@mp=\dimen144
\Gm@layoutwidth=\dimen145
\Gm@layoutheight=\dimen146
\Gm@layouthoffset=\dimen147
\Gm@layoutvoffset=\dimen148
\Gm@dimlist=\toks24
)
\artcatbox=\box51
\aucount=\count199
\corraucount=\count266
\punctcount=\count267
\emailcnt=\count268
\c@affn=\count269
\addcount=\count270
\PacsCount=\count271
\PacsTmpCnt=\count272
\FMremarkdim=\dimen149
\fmremarkbox=\box52
 (/usr/share/texmf-dist/tex/latex/sttools/cuted.sty
Package: cuted 2021/10/04 v2.0 Mixing onecolumn and twocolumn modes
\At@ViperColsBreak=\toks25
\preCutedStrip=\toks26
\postCutedStrip=\toks27
\cuted@@tempbox@a=\box53
\cuted@@tempbox@c=\box54
\cuted@@tempbox@var=\box55
\hold@viper=\box56
\@viper=\box57
\cuted@@varbox@a=\box58
\cuted@@varbox@c=\box59
\cuted@@tempdim@spread=\dimen150
\cuted@@tempdim@a=\dimen151
\cuted@@tempdim@b=\dimen152
\ht@hold@viper=\dimen153
\ht@viper=\dimen154
\var@@pagediscards@ht=\dimen155
\stripsep=\skip55
\viper@penalty=\count273
)
\firstpagehtcheck=\dimen156
\labelwidthi=\dimen157
\labelwidthii=\dimen158
\labelwidthiii=\dimen159
\labelwidthiv=\dimen160
\figwidth=\dimen161
\figheight=\dimen162
\sidecapwidth=\dimen163
\wrapcapline=\dimen164
\totalwrapline=\dimen165
\wraptotline=\dimen166
\figurebox=\box60
\wrapfigcapbox=\box61
\figcapbox=\box62
\capbox=\box63
\headwidthskip=\skip56
\tabcapbox=\box64
\temptbox=\box65
\tempdime=\dimen167
\tabhtdime=\dimen168
 (/usr/share/texmf-dist/tex/latex/graphics/rotating.sty
Package: rotating 2016/08/11 v2.16d rotated objects in LaTeX
 (/usr/share/texmf-dist/tex/latex/graphics/graphicx.sty
Package: graphicx 2021/09/16 v1.2d Enhanced LaTeX Graphics (DPC,SPQR)
 (/usr/share/texmf-dist/tex/latex/graphics/graphics.sty
Package: graphics 2022/03/10 v1.4e Standard LaTeX Graphics (DPC,SPQR)
 (/usr/share/texmf-dist/tex/latex/graphics/trig.sty
Package: trig 2021/08/11 v1.11 sin cos tan (DPC)
) (/usr/share/texmf-dist/tex/latex/graphics-cfg/graphics.cfg
File: graphics.cfg 2016/06/04 v1.11 sample graphics configuration
)
Package graphics Info: Driver file: pdftex.def on input line 107.
 (/usr/share/texmf-dist/tex/latex/graphics-def/pdftex.def
File: pdftex.def 2022/09/22 v1.2b Graphics/color driver for pdftex
))
\Gin@req@height=\dimen169
\Gin@req@width=\dimen170
) (/usr/share/texmf-dist/tex/latex/base/ifthen.sty
Package: ifthen 2022/04/13 v1.1d Standard LaTeX ifthen package (DPC)
)
\c@r@tfl@t=\count274
\rotFPtop=\skip57
\rotFPbot=\skip58
\rot@float@box=\box66
\rot@mess@toks=\toks28
) (/usr/share/texmf-dist/tex/latex/threeparttable/threeparttable.sty
Package: threeparttable 2003/06/13  v 3.0
\@tempboxb=\box67
) (/usr/share/texmf-dist/tex/latex/appendix/appendix.sty
Package: appendix 2020/02/08 v1.2c extra appendix facilities
\c@@pps=\count275
\c@@ppsavesec=\count276
\c@@ppsaveapp=\count277
) (/usr/share/texmf-dist/tex/latex/hyperref/hyperref.sty
Package: hyperref 2024-01-20 v7.01h Hypertext links for LaTeX
 (/usr/share/texmf-dist/tex/latex/kvsetkeys/kvsetkeys.sty
Package: kvsetkeys 2022-10-05 v1.19 Key value parser (HO)
) (/usr/share/texmf-dist/tex/generic/kvdefinekeys/kvdefinekeys.sty
Package: kvdefinekeys 2019-12-19 v1.6 Define keys (HO)
) (/usr/share/texmf-dist/tex/generic/pdfescape/pdfescape.sty
Package: pdfescape 2019/12/09 v1.15 Implements pdfTeX's escape features (HO)
 (/usr/share/texmf-dist/tex/generic/ltxcmds/ltxcmds.sty
Package: ltxcmds 2023-12-04 v1.26 LaTeX kernel commands for general use (HO)
) (/usr/share/texmf-dist/tex/generic/pdftexcmds/pdftexcmds.sty
Package: pdftexcmds 2020-06-27 v0.33 Utility functions of pdfTeX for LuaTeX (HO)
 (/usr/share/texmf-dist/tex/generic/infwarerr/infwarerr.sty
Package: infwarerr 2019/12/03 v1.5 Providing info/warning/error messages (HO)
)
Package pdftexcmds Info: \pdf@primitive is available.
Package pdftexcmds Info: \pdf@ifprimitive is available.
Package pdftexcmds Info: \pdfdraftmode found.
)) (/usr/share/texmf-dist/tex/latex/hycolor/hycolor.sty
Package: hycolor 2020-01-27 v1.10 Color options for hyperref/bookmark (HO)
) (/usr/share/texmf-dist/tex/latex/auxhook/auxhook.sty
Package: auxhook 2019-12-17 v1.6 Hooks for auxiliary files (HO)
) (/usr/share/texmf-dist/tex/latex/hyperref/nameref.sty
Package: nameref 2023-11-26 v2.56 Cross-referencing by name of section
 (/usr/share/texmf-dist/tex/latex/refcount/refcount.sty
Package: refcount 2019/12/15 v3.6 Data extraction from label references (HO)
) (/usr/share/texmf-dist/tex/generic/gettitlestring/gettitlestring.sty
Package: gettitlestring 2019/12/15 v1.6 Cleanup title references (HO)
 (/usr/share/texmf-dist/tex/latex/kvoptions/kvoptions.sty
Package: kvoptions 2022-06-15 v3.15 Key value format for package options (HO)
))
\c@section@level=\count278
) (/usr/share/texmf-dist/tex/latex/etoolbox/etoolbox.sty
Package: etoolbox 2020/10/05 v2.5k e-TeX tools for LaTeX (JAW)
\etb@tempcnta=\count279
)
\@linkdim=\dimen171
\Hy@linkcounter=\count280
\Hy@pagecounter=\count281
 (/usr/share/texmf-dist/tex/latex/hyperref/pd1enc.def
File: pd1enc.def 2024-01-20 v7.01h Hyperref: PDFDocEncoding definition (HO)
Now handling font encoding PD1 ...
... no UTF-8 mapping file for font encoding PD1
) (/usr/share/texmf-dist/tex/generic/intcalc/intcalc.sty
Package: intcalc 2019/12/15 v1.3 Expandable calculations with integers (HO)
)
\Hy@SavedSpaceFactor=\count282
 (/usr/share/texmf-dist/tex/latex/hyperref/puenc.def
File: puenc.def 2024-01-20 v7.01h Hyperref: PDF Unicode definition (HO)
Now handling font encoding PU ...
... no UTF-8 mapping file for font encoding PU
)
Package hyperref Info: Hyper figures OFF on input line 4179.
Package hyperref Info: Link nesting OFF on input line 4184.
Package hyperref Info: Hyper index ON on input line 4187.
Package hyperref Info: Plain pages OFF on input line 4194.
Package hyperref Info: Backreferencing OFF on input line 4199.
Package hyperref Info: Implicit mode ON; LaTeX internals redefined.
Package hyperref Info: Bookmarks ON on input line 4446.
\c@Hy@tempcnt=\count283
 (/usr/share/texmf-dist/tex/latex/url/url.sty
\Urlmuskip=\muskip16
Package: url 2013/09/16  ver 3.4  Verb mode for urls, etc.
)
LaTeX Info: Redefining \url on input line 4784.
\XeTeXLinkMargin=\dimen172
 (/usr/share/texmf-dist/tex/generic/bitset/bitset.sty
Package: bitset 2019/12/09 v1.3 Handle bit-vector datatype (HO)

(/usr/share/texmf-dist/tex/generic/bigintcalc/bigintcalc.sty
Package: bigintcalc 2019/12/15 v1.5 Expandable calculations on big integers (HO)
))
\Fld@menulength=\count284
\Field@Width=\dimen173
\Fld@charsize=\dimen174
Package hyperref Info: Hyper figures OFF on input line 6063.
Package hyperref Info: Link nesting OFF on input line 6068.
Package hyperref Info: Hyper index ON on input line 6071.
Package hyperref Info: backreferencing OFF on input line 6078.
Package hyperref Info: Link coloring OFF on input line 6083.
Package hyperref Info: Link coloring with OCG OFF on input line 6088.
Package hyperref Info: PDF/A mode OFF on input line 6093.
 (/usr/share/texmf-dist/tex/latex/base/atbegshi-ltx.sty
Package: atbegshi-ltx 2021/01/10 v1.0c Emulation of the original atbegshi
package with kernel methods
)
\Hy@abspage=\count285
\c@Item=\count286
\c@Hfootnote=\count287
)
Package hyperref Info: Driver (autodetected): hpdftex.
 (/usr/share/texmf-dist/tex/latex/hyperref/hpdftex.def
File: hpdftex.def 2024-01-20 v7.01h Hyperref driver for pdfTeX
 (/usr/share/texmf-dist/tex/latex/base/atveryend-ltx.sty
Package: atveryend-ltx 2020/08/19 v1.0a Emulation of the original atveryend package
with kernel methods
)
\Fld@listcount=\count288
\c@bookmark@seq@number=\count289
 (/usr/share/texmf-dist/tex/latex/rerunfilecheck/rerunfilecheck.sty
Package: rerunfilecheck 2022-07-10 v1.10 Rerun checks for auxiliary files (HO)
 (/usr/share/texmf-dist/tex/generic/uniquecounter/uniquecounter.sty
Package: uniquecounter 2019/12/15 v1.4 Provide unlimited unique counter (HO)
)
Package uniquecounter Info: New unique counter `rerunfilecheck' on input line 285.
)
\Hy@SectionHShift=\skip59
) (/usr/share/texmf-dist/tex/latex/breakurl/breakurl.sty
Package: breakurl 2013/04/10 v1.40 Breakable hyperref URLs
 (/usr/share/texmf-dist/tex/latex/xkeyval/xkeyval.sty
Package: xkeyval 2022/06/16 v2.9 package option processing (HA)
 (/usr/share/texmf-dist/tex/generic/xkeyval/xkeyval.tex (/usr/share/texmf-dist/tex/generic/xkeyval/xkvutils.tex
\XKV@toks=\toks29
\XKV@tempa@toks=\toks30
)
\XKV@depth=\count290
File: xkeyval.tex 2014/12/03 v2.7a key=value parser (HA)
)) (/usr/share/texmf-dist/tex/generic/iftex/ifpdf.sty
Package: ifpdf 2019/10/25 v3.4 ifpdf legacy package. Use iftex instead.
)

Package breakurl Warning: You are using breakurl while processing via pdflatex.
(breakurl)                \burl will be just a synonym of \url.
(breakurl)                 on input line 48.

)
Package hyperref Info: Option `colorlinks' set `true' on input line 1468.
Package hyperref Info: Option `breaklinks' set `true' on input line 1468.
Package hyperref Info: Option `plainpages' set `false' on input line 1468.
Package hyperref Info: Option `bookmarksopen' set `true' on input line 1468.
Package hyperref Info: Option `bookmarksnumbered' set `false' on input line 1468.
 (/usr/share/texmf-dist/tex/latex/wrapfig/wrapfig.sty
\wrapoverhang=\dimen175
\WF@size=\dimen176
\c@WF@wrappedlines=\count291
\WF@box=\box68
\WF@everypar=\toks31
Package: wrapfig 2003/01/31  v 3.6
)
\wraplines=\count292
\@authorfigbox=\box69
\@authorfigboxdim=\skip60
\biofigadjskip=\skip61
 (/usr/share/texmf-dist/tex/latex/natbib/natbib.sty
Package: natbib 2010/09/13 8.31b (PWD, AO)
\bibhang=\skip62
\bibsep=\skip63
LaTeX Info: Redefining \cite on input line 694.
\c@NAT@ctr=\count293
)) (/usr/share/texmf-dist/tex/latex/multirow/multirow.sty
Package: multirow 2021/03/15 v2.8 Span multiple rows of a table
\multirow@colwidth=\skip64
\multirow@cntb=\count294
\multirow@dima=\skip65
\bigstrutjot=\dimen177
) (/usr/share/texmf-dist/tex/latex/amsmath/amsmath.sty
Package: amsmath 2023/05/13 v2.17o AMS math features
\@mathmargin=\skip66

For additional information on amsmath, use the `?' option.
(/usr/share/texmf-dist/tex/latex/amsmath/amstext.sty
Package: amstext 2021/08/26 v2.01 AMS text
 (/usr/share/texmf-dist/tex/latex/amsmath/amsgen.sty
File: amsgen.sty 1999/11/30 v2.0 generic functions
\@emptytoks=\toks32
\ex@=\dimen178
)) (/usr/share/texmf-dist/tex/latex/amsmath/amsbsy.sty
Package: amsbsy 1999/11/29 v1.2d Bold Symbols
\pmbraise@=\dimen179
) (/usr/share/texmf-dist/tex/latex/amsmath/amsopn.sty
Package: amsopn 2022/04/08 v2.04 operator names
)
\inf@bad=\count295
LaTeX Info: Redefining \frac on input line 234.
\uproot@=\count296
\leftroot@=\count297
LaTeX Info: Redefining \overline on input line 399.
LaTeX Info: Redefining \colon on input line 410.
\classnum@=\count298
\DOTSCASE@=\count299
LaTeX Info: Redefining \ldots on input line 496.
LaTeX Info: Redefining \dots on input line 499.
LaTeX Info: Redefining \cdots on input line 620.
\Mathstrutbox@=\box70
\strutbox@=\box71
LaTeX Info: Redefining \big on input line 722.
LaTeX Info: Redefining \Big on input line 723.
LaTeX Info: Redefining \bigg on input line 724.
LaTeX Info: Redefining \Bigg on input line 725.
\big@size=\dimen180
LaTeX Font Info:    Redeclaring font encoding OML on input line 743.
LaTeX Font Info:    Redeclaring font encoding OMS on input line 744.
\macc@depth=\count300
LaTeX Info: Redefining \bmod on input line 905.
LaTeX Info: Redefining \pmod on input line 910.
LaTeX Info: Redefining \smash on input line 940.
LaTeX Info: Redefining \relbar on input line 970.
LaTeX Info: Redefining \Relbar on input line 971.
\c@MaxMatrixCols=\count301
\dotsspace@=\muskip17
\c@parentequation=\count302
\dspbrk@lvl=\count303
\tag@help=\toks33
\row@=\count304
\column@=\count305
\maxfields@=\count306
\andhelp@=\toks34
\eqnshift@=\dimen181
\alignsep@=\dimen182
\tagshift@=\dimen183
\tagwidth@=\dimen184
\totwidth@=\dimen185
\lineht@=\dimen186
\@envbody=\toks35
\multlinegap=\skip67
\multlinetaggap=\skip68
\mathdisplay@stack=\toks36
LaTeX Info: Redefining \[ on input line 2953.
LaTeX Info: Redefining \] on input line 2954.
) (/usr/share/texmf-dist/tex/latex/amsfonts/amssymb.sty
Package: amssymb 2013/01/14 v3.01 AMS font symbols
 (/usr/share/texmf-dist/tex/latex/amsfonts/amsfonts.sty
Package: amsfonts 2013/01/14 v3.01 Basic AMSFonts support
\symAMSa=\mathgroup4
\symAMSb=\mathgroup5
LaTeX Font Info:    Redeclaring math symbol \hbar on input line 98.
LaTeX Font Info:    Overwriting math alphabet `\mathfrak' in version `bold'
(Font)                  U/euf/m/n --> U/euf/b/n on input line 106.
)) (/usr/share/texmf-dist/tex/latex/physics/physics.sty
Package: physics 
 (/usr/share/texmf-dist/tex/latex/l3packages/xparse/xparse.sty (/usr/share/texmf-dist/tex/latex/l3kernel/expl3.sty
Package: expl3 2024-02-20 L3 programming layer (loader) 
 (/usr/share/texmf-dist/tex/latex/l3backend/l3backend-pdftex.def
File: l3backend-pdftex.def 2024-02-20 L3 backend support: PDF output (pdfTeX)
\l__color_backend_stack_int=\count307
\l__pdf_internal_box=\box72
))
Package: xparse 2024-02-18 L3 Experimental document command parser
)) (/usr/share/texmf-dist/tex/latex/siunitx/siunitx.sty
Package: siunitx 2024-02-15 v3.3.12 A comprehensive (SI) units package
\l__siunitx_number_uncert_offset_int=\count308
\l__siunitx_number_exponent_fixed_int=\count309
\l__siunitx_number_min_decimal_int=\count310
\l__siunitx_number_min_integer_int=\count311
\l__siunitx_number_round_precision_int=\count312
\l__siunitx_number_lower_threshold_int=\count313
\l__siunitx_number_upper_threshold_int=\count314
\l__siunitx_number_group_first_int=\count315
\l__siunitx_number_group_size_int=\count316
\l__siunitx_number_group_minimum_int=\count317
\l__siunitx_angle_tmp_dim=\dimen187
\l__siunitx_angle_marker_box=\box73
\l__siunitx_angle_unit_box=\box74
\l__siunitx_compound_count_int=\count318
 (/usr/share/texmf-dist/tex/latex/translations/translations.sty
Package: translations 2022/02/05 v1.12 internationalization of LaTeX2e packages (CN)
)
\l__siunitx_table_tmp_box=\box75
\l__siunitx_table_tmp_dim=\dimen188
\l__siunitx_table_column_width_dim=\dimen189
\l__siunitx_table_integer_box=\box76
\l__siunitx_table_decimal_box=\box77
\l__siunitx_table_uncert_box=\box78
\l__siunitx_table_before_box=\box79
\l__siunitx_table_after_box=\box80
\l__siunitx_table_before_dim=\dimen190
\l__siunitx_table_carry_dim=\dimen191
\l__siunitx_unit_tmp_int=\count319
\l__siunitx_unit_position_int=\count320
\l__siunitx_unit_total_int=\count321
 (/usr/share/texmf-dist/tex/latex/tools/array.sty
Package: array 2023/10/16 v2.5g Tabular extension package (FMi)
\col@sep=\dimen192
\ar@mcellbox=\box81
\extrarowheight=\dimen193
\NC@list=\toks37
\extratabsurround=\skip69
\backup@length=\skip70
\ar@cellbox=\box82
)) (/usr/share/texmf-dist/tex/latex/jknapltx/mathrsfs.sty
Package: mathrsfs 1996/01/01 Math RSFS package v1.0 (jk)
\symrsfs=\mathgroup6
) (/usr/share/texmf-dist/tex/latex/xcolor/xcolor.sty
Package: xcolor 2023/11/15 v3.01 LaTeX color extensions (UK)
 (/usr/share/texmf-dist/tex/latex/graphics-cfg/color.cfg
File: color.cfg 2016/01/02 v1.6 sample color configuration
)
Package xcolor Info: Driver file: pdftex.def on input line 274.
 (/usr/share/texmf-dist/tex/latex/graphics/mathcolor.ltx)
Package xcolor Info: Model `cmy' substituted by `cmy0' on input line 1350.
Package xcolor Info: Model `hsb' substituted by `rgb' on input line 1354.
Package xcolor Info: Model `RGB' extended on input line 1366.
Package xcolor Info: Model `HTML' substituted by `rgb' on input line 1368.
Package xcolor Info: Model `Hsb' substituted by `hsb' on input line 1369.
Package xcolor Info: Model `tHsb' substituted by `hsb' on input line 1370.
Package xcolor Info: Model `HSB' substituted by `hsb' on input line 1371.
Package xcolor Info: Model `Gray' substituted by `gray' on input line 1372.
Package xcolor Info: Model `wave' substituted by `hsb' on input line 1373.
) (/usr/share/texmf-dist/tex/latex/base/textcomp.sty
Package: textcomp 2020/02/02 v2.0n Standard LaTeX package
) (/usr/share/texmf-dist/tex/latex/ncctools/manyfoot.sty
Package: manyfoot 2019/08/03 v1.11 Many Footnote Levels Package (NCC)
 (/usr/share/texmf-dist/tex/latex/ncctools/nccfoots.sty
Package: nccfoots 2005/02/03 v1.2 NCC Footnotes Package (NCC)
)
\MFL@columnwidth=\dimen194
) (/usr/share/texmf-dist/tex/latex/booktabs/booktabs.sty
Package: booktabs 2020/01/12 v1.61803398 Publication quality tables
\heavyrulewidth=\dimen195
\lightrulewidth=\dimen196
\cmidrulewidth=\dimen197
\belowrulesep=\dimen198
\belowbottomsep=\dimen199
\aboverulesep=\dimen256
\abovetopsep=\dimen257
\cmidrulesep=\dimen258
\cmidrulekern=\dimen259
\defaultaddspace=\dimen260
\@cmidla=\count322
\@cmidlb=\count323
\@aboverulesep=\dimen261
\@belowrulesep=\dimen262
\@thisruleclass=\count324
\@lastruleclass=\count325
\@thisrulewidth=\dimen263
) (/usr/share/texmf-dist/tex/latex/algorithms/algorithm.sty
Package: algorithm 2009/08/24 v0.1 Document Style `algorithm' - floating environment
 (/usr/share/texmf-dist/tex/latex/float/float.sty
Package: float 2001/11/08 v1.3d Float enhancements (AL)
\c@float@type=\count326
\float@exts=\toks38
\float@box=\box83
\@float@everytoks=\toks39
\@floatcapt=\box84
)
\@float@every@algorithm=\toks40
\c@algorithm=\count327
) (/usr/share/texmf-dist/tex/latex/algorithmicx/algorithmicx.sty
Package: algorithmicx 2005/04/27 v1.2 Algorithmicx

Document Style algorithmicx 1.2 - a greatly improved `algorithmic' style
\c@ALG@line=\count328
\c@ALG@rem=\count329
\c@ALG@nested=\count330
\ALG@tlm=\skip71
\ALG@thistlm=\skip72
\c@ALG@Lnr=\count331
\c@ALG@blocknr=\count332
\c@ALG@storecount=\count333
\c@ALG@tmpcounter=\count334
\ALG@tmplength=\skip73
) (/usr/share/texmf-dist/tex/latex/algorithmicx/algpseudocode.sty
Package: algpseudocode 

Document Style - pseudocode environments for use with the `algorithmicx' style
) (/usr/share/texmf-dist/tex/latex/listings/listings.sty
\lst@mode=\count335
\lst@gtempboxa=\box85
\lst@token=\toks41
\lst@length=\count336
\lst@currlwidth=\dimen264
\lst@column=\count337
\lst@pos=\count338
\lst@lostspace=\dimen265
\lst@width=\dimen266
\lst@newlines=\count339
\lst@lineno=\count340
\lst@maxwidth=\dimen267
 (/usr/share/texmf-dist/tex/latex/listings/lstpatch.sty
File: lstpatch.sty 2024/02/21 1.10 (Carsten Heinz)
) (/usr/share/texmf-dist/tex/latex/listings/lstmisc.sty
File: lstmisc.sty 2024/02/21 1.10 (Carsten Heinz)
\c@lstnumber=\count341
\lst@skipnumbers=\count342
\lst@framebox=\box86
) (/usr/share/texmf-dist/tex/latex/listings/listings.cfg
File: listings.cfg 2024/02/21 1.10 listings configuration
))
Package: listings 2024/02/21 1.10 (Carsten Heinz)
 (/usr/share/texmf-dist/tex/latex/newtx/newtxmath.sty
Package: newtxmath 2024/03/06 v1.742
 `newtxmath' v1.742, 2024/03/06 Math macros based originally on txfonts (msharpe) (/usr/share/texmf-dist/tex/latex/oberdiek/centernot.sty
Package: centernot 2016/05/16 v1.4 Centers the not symbol horizontally (HO)
)
\tx@cntz=\count343
 (/usr/share/texmf-dist/tex/generic/kastrup/binhex.tex)
\tx@Isdigit=\count344
\tx@IsAlNum=\count345
\tx@tA=\toks42
\tx@tB=\toks43
\tx@su=\read2

amsthm NOT loaded
LaTeX Font Info:    Redeclaring symbol font `operators' on input line 393.
LaTeX Font Info:    Overwriting symbol font `operators' in version `normal'
(Font)                  OT1/cmr/m/n --> OT1/cmr/m/n on input line 393.
LaTeX Font Info:    Overwriting symbol font `operators' in version `bold'
(Font)                  OT1/cmr/bx/n --> OT1/cmr/m/n on input line 393.
LaTeX Font Info:    Overwriting symbol font `operators' in version `bold'
(Font)                  OT1/cmr/m/n --> OT1/cmr/b/n on input line 394.
LaTeX Font Info:    Redeclaring math alphabet \mathsf on input line 401.
LaTeX Font Info:    Overwriting math alphabet `\mathsf' in version `normal'
(Font)                  OT1/cmss/m/n --> OT1/cmss/m/n on input line 401.
LaTeX Font Info:    Overwriting math alphabet `\mathsf' in version `bold'
(Font)                  OT1/cmss/bx/n --> OT1/cmss/m/n on input line 401.
LaTeX Font Info:    Overwriting math alphabet `\mathsf' in version `bold'
(Font)                  OT1/cmss/m/n --> OT1/cmss/b/n on input line 403.
LaTeX Font Info:    Redeclaring math alphabet \mathit on input line 410.
LaTeX Font Info:    Overwriting math alphabet `\mathit' in version `normal'
(Font)                  OT1/cmr/m/it --> OT1/cmr/m/it on input line 410.
LaTeX Font Info:    Overwriting math alphabet `\mathit' in version `bold'
(Font)                  OT1/cmr/bx/it --> OT1/cmr/m/it on input line 410.
LaTeX Font Info:    Redeclaring math alphabet \mathtt on input line 411.
LaTeX Font Info:    Overwriting math alphabet `\mathtt' in version `normal'
(Font)                  OT1/cmtt/m/n --> OT1/cmtt/m/n on input line 411.
LaTeX Font Info:    Overwriting math alphabet `\mathtt' in version `bold'
(Font)                  OT1/cmtt/m/n --> OT1/cmtt/m/n on input line 411.
LaTeX Font Info:    Redeclaring math alphabet \mathbf on input line 413.
LaTeX Font Info:    Overwriting math alphabet `\mathbf' in version `normal'
(Font)                  OT1/cmr/bx/n --> OT1/cmr/b/n on input line 413.
LaTeX Font Info:    Overwriting math alphabet `\mathbf' in version `bold'
(Font)                  OT1/cmr/bx/n --> OT1/cmr/b/n on input line 413.
LaTeX Font Info:    Overwriting math alphabet `\mathit' in version `bold'
(Font)                  OT1/cmr/m/it --> OT1/cmr/b/it on input line 414.
LaTeX Font Info:    Overwriting math alphabet `\mathtt' in version `bold'
(Font)                  OT1/cmtt/m/n --> OT1/cmtt/b/n on input line 417.
LaTeX Font Info:    Redeclaring symbol font `letters' on input line 519.
LaTeX Font Info:    Overwriting symbol font `letters' in version `normal'
(Font)                  OML/cmm/m/it --> OML/ntxmi/m/it on input line 519.
LaTeX Font Info:    Overwriting symbol font `letters' in version `bold'
(Font)                  OML/cmm/b/it --> OML/ntxmi/m/it on input line 519.
LaTeX Font Info:    Overwriting symbol font `letters' in version `bold'
(Font)                  OML/ntxmi/m/it --> OML/ntxmi/b/it on input line 520.
\symlettersA=\mathgroup7
LaTeX Font Info:    Overwriting symbol font `lettersA' in version `bold'
(Font)                  U/ntxmia/m/it --> U/ntxmia/b/it on input line 565.
LaTeX Font Info:    Redeclaring math alphabet \mathfrak on input line 567.
Now handling font encoding LMS ...
... no UTF-8 mapping file for font encoding LMS
LaTeX Font Info:    Redeclaring symbol font `symbols' on input line 587.
LaTeX Font Info:    Encoding `OMS' has changed to `LMS' for symbol font
(Font)              `symbols' in the math version `normal' on input line 587.
LaTeX Font Info:    Overwriting symbol font `symbols' in version `normal'
(Font)                  OMS/cmsy/m/n --> LMS/ntxsy/m/n on input line 587.
LaTeX Font Info:    Encoding `OMS' has changed to `LMS' for symbol font
(Font)              `symbols' in the math version `bold' on input line 587.
LaTeX Font Info:    Overwriting symbol font `symbols' in version `bold'
(Font)                  OMS/cmsy/b/n --> LMS/ntxsy/m/n on input line 587.
LaTeX Font Info:    Overwriting symbol font `symbols' in version `bold'
(Font)                  LMS/ntxsy/m/n --> LMS/ntxsy/b/n on input line 588.
\symAMSm=\mathgroup8
LaTeX Font Info:    Overwriting symbol font `AMSm' in version `bold'
(Font)                  U/ntxsym/m/n --> U/ntxsym/b/n on input line 613.
\symsymbolsC=\mathgroup9
LaTeX Font Info:    Overwriting symbol font `symbolsC' in version `bold'
(Font)                  U/ntxsyc/m/n --> U/ntxsyc/b/n on input line 634.
Now handling font encoding LMX ...
... no UTF-8 mapping file for font encoding LMX
LaTeX Font Info:    Redeclaring symbol font `largesymbols' on input line 647.
LaTeX Font Info:    Encoding `OMX' has changed to `LMX' for symbol font
(Font)              `largesymbols' in the math version `normal' on input line 647.
LaTeX Font Info:    Overwriting symbol font `largesymbols' in version `normal'
(Font)                  OMX/cmex/m/n --> LMX/ntxexx/m/n on input line 647.
LaTeX Font Info:    Encoding `OMX' has changed to `LMX' for symbol font
(Font)              `largesymbols' in the math version `bold' on input line 647.
LaTeX Font Info:    Overwriting symbol font `largesymbols' in version `bold'
(Font)                  OMX/cmex/m/n --> LMX/ntxexx/m/n on input line 647.
LaTeX Font Info:    Overwriting symbol font `largesymbols' in version `bold'
(Font)                  LMX/ntxexx/m/n --> LMX/ntxexx/b/n on input line 648.
\symlargesymbolsTXA=\mathgroup10
LaTeX Font Info:    Overwriting symbol font `largesymbolsTXA' in version `bold'
(Font)                  U/ntxexa/m/n --> U/ntxexa/b/n on input line 662.
\tx@sbptoks=\toks44
LaTeX Font Info:    Redeclaring math delimiter \lfloor on input line 885.
LaTeX Font Info:    Redeclaring math delimiter \rfloor on input line 886.
LaTeX Font Info:    Redeclaring math delimiter \lceil on input line 887.
LaTeX Font Info:    Redeclaring math delimiter \rceil on input line 888.
LaTeX Font Info:    Redeclaring math delimiter \lbrace on input line 893.
LaTeX Font Info:    Redeclaring math delimiter \rbrace on input line 894.
LaTeX Font Info:    Redeclaring math delimiter \langle on input line 896.
LaTeX Font Info:    Redeclaring math delimiter \rangle on input line 898.
LaTeX Font Info:    Redeclaring math delimiter \arrowvert on input line 902.
LaTeX Font Info:    Redeclaring math delimiter \vert on input line 903.
LaTeX Font Info:    Redeclaring math accent \dot on input line 974.
LaTeX Font Info:    Redeclaring math accent \ddot on input line 975.
LaTeX Font Info:    Redeclaring math accent \vec on input line 2048.
LaTeX Info: Redefining \Bbbk on input line 2838.
LaTeX Info: Redefining \not on input line 2986.
LaTeX Info: Redefining \textsquare on input line 3016.
LaTeX Info: Redefining \openbox on input line 3018.
) (/usr/share/texmf-dist/tex/latex/titlesec/titlesec.sty
Package: titlesec 2023/10/27 v2.16 Sectioning titles
\ttl@box=\box87
\beforetitleunit=\skip74
\aftertitleunit=\skip75
\ttl@plus=\dimen268
\ttl@minus=\dimen269
\ttl@toksa=\toks45
\titlewidth=\dimen270
\titlewidthlast=\dimen271
\titlewidthfirst=\dimen272
) (/usr/share/texmf-dist/tex/generic/babel/babel.sty
Package: babel 2024/02/07 v24.2 The Babel package
\babel@savecnt=\count346
\U@D=\dimen273
\l@unhyphenated=\language10
 (/usr/share/texmf-dist/tex/generic/babel/txtbabel.def)
\bbl@readstream=\read3
\bbl@dirlevel=\count347
 (/usr/share/texmf-dist/tex/generic/babel-german/ngerman.ldf
Language: ngerman 2024/01/19 v2.14 German support for babel (post-1996 orthography)
 (/usr/share/texmf-dist/tex/generic/babel-german/ngermanb.ldf
Language: ngermanb 2024/01/19 v2.14 German support for babel (post-1996 orthography)
Package babel Info: Making " an active character on input line 122.
))) (/usr/share/texmf-dist/tex/generic/babel/locale/de/babel-ngerman.tex
Package babel Info: Importing font and identification data for ngerman
(babel)             from babel-de.ini. Reported on input line 11.
)
\c@theorem=\count348
\c@remark=\count349
\c@definition=\count350
 (./main.aux)
\openout1 = `main.aux'.

LaTeX Font Info:    Checking defaults for OML/ntxmi/m/it on input line 42.
LaTeX Font Info:    Trying to load font information for OML+ntxmi on input line 42.
 (/usr/share/texmf-dist/tex/latex/newtx/omlntxmi.fd
File: omlntxmi.fd 2015/08/25 Fontinst v1.933 font definitions for OML/ntxmi.
)
LaTeX Font Info:    ... okay on input line 42.
LaTeX Font Info:    Checking defaults for OMS/cmsy/m/n on input line 42.
LaTeX Font Info:    ... okay on input line 42.
LaTeX Font Info:    Checking defaults for OT1/cmr/m/n on input line 42.
LaTeX Font Info:    ... okay on input line 42.
LaTeX Font Info:    Checking defaults for T1/cmr/m/n on input line 42.
LaTeX Font Info:    ... okay on input line 42.
LaTeX Font Info:    Checking defaults for TS1/cmr/m/n on input line 42.
LaTeX Font Info:    ... okay on input line 42.
LaTeX Font Info:    Checking defaults for OMX/cmex/m/n on input line 42.
LaTeX Font Info:    ... okay on input line 42.
LaTeX Font Info:    Checking defaults for U/ntxexa/m/n on input line 42.
LaTeX Font Info:    Trying to load font information for U+ntxexa on input line 42.
 (/usr/share/texmf-dist/tex/latex/newtx/untxexa.fd
File: untxexa.fd 2012/04/16 Fontinst v1.933 font definitions for U/ntxexa.
)
LaTeX Font Info:    ... okay on input line 42.
LaTeX Font Info:    Checking defaults for PD1/pdf/m/n on input line 42.
LaTeX Font Info:    ... okay on input line 42.
LaTeX Font Info:    Checking defaults for PU/pdf/m/n on input line 42.
LaTeX Font Info:    ... okay on input line 42.
LaTeX Font Info:    Checking defaults for LMS/ntxsy/m/n on input line 42.
LaTeX Font Info:    Trying to load font information for LMS+ntxsy on input line 42.
 (/usr/share/texmf-dist/tex/latex/newtx/lmsntxsy.fd
File: lmsntxsy.fd 2016/07/02 Fontinst v1.933 font definitions for LMS/ntxsy.
)
LaTeX Font Info:    ... okay on input line 42.
LaTeX Font Info:    Checking defaults for LMX/ntxexx/m/n on input line 42.
LaTeX Font Info:    Trying to load font information for LMX+ntxexx on input line 42.
 (/usr/share/texmf-dist/tex/latex/newtx/lmxntxexx.fd
File: lmxntxexx.fd 2016/07/03 Fontinst v1.933 font definitions for LMX/ntxexx.
)
LaTeX Font Info:    ... okay on input line 42.

*geometry* driver: auto-detecting
*geometry* detected driver: pdftex
*geometry* verbose mode - [ preamble ] result:
* driver: pdftex
* paper: custom
* layout: <same size as paper>
* layoutoffset:(h,v)=(0.0pt,0.0pt)
* bindingoffset: 17.07164pt
* modes: twoside 
* h-part:(L,W,R)=(50.07684pt, 455.24408pt, 75.11531pt)
* v-part:(T,H,B)=(73.97716pt, 614.57951pt, 156.49017pt)
* \paperwidth=597.50787pt
* \paperheight=845.04684pt
* \textwidth=455.24408pt
* \textheight=614.57951pt
* \oddsidemargin=-5.1215pt
* \evensidemargin=2.84532pt
* \topmargin=-24.94597pt
* \headheight=12.0pt
* \headsep=14.65314pt
* \topskip=10.0pt
* \footskip=28.82265pt
* \marginparwidth=34.1433pt
* \marginparsep=14.22636pt
* \columnsep=22.76219pt
* \skip\footins=18.0pt plus 6.0pt minus 3.0pt
* \hoffset=0.0pt
* \voffset=0.0pt
* \mag=1000
* \@twocolumntrue
* \@twosidetrue
* \@mparswitchtrue
* \@reversemargintrue
* (1in=72.27pt=25.4mm, 1cm=28.453pt)

(/usr/share/texmf-dist/tex/context/base/mkii/supp-pdf.mkii
[Loading MPS to PDF converter (version 2006.09.02).]
\scratchcounter=\count351
\scratchdimen=\dimen274
\scratchbox=\box88
\nofMPsegments=\count352
\nofMParguments=\count353
\everyMPshowfont=\toks46
\MPscratchCnt=\count354
\MPscratchDim=\dimen275
\MPnumerator=\count355
\makeMPintoPDFobject=\count356
\everyMPtoPDFconversion=\toks47
) (/usr/share/texmf-dist/tex/latex/epstopdf-pkg/epstopdf-base.sty
Package: epstopdf-base 2020-01-24 v2.11 Base part for package epstopdf
 (/usr/share/texmf-dist/tex/latex/grfext/grfext.sty
Package: grfext 2019/12/03 v1.3 Manage graphics extensions (HO)
)
Package epstopdf-base Info: Redefining graphics rule for `.eps' on input line 485.
Package grfext Info: Graphics extension search list:
(grfext)             [.pdf,.png,.jpg,.mps,.jpeg,.jbig2,.jb2,.PDF,.PNG,.JPG,.JPEG,.JBIG2,.JB2,.eps]
(grfext)             \AppendGraphicsExtensions on input line 504.
 (/usr/share/texmf-dist/tex/latex/latexconfig/epstopdf-sys.cfg
File: epstopdf-sys.cfg 2010/07/13 v1.3 Configuration of (r)epstopdf for TeX Live
))
LaTeX Info: Redefining \S on input line 42.
LaTeX Font Info:    Redeclaring symbol font `AMSa' on input line 42.
LaTeX Font Info:    Overwriting symbol font `AMSa' in version `normal'
(Font)                  U/msa/m/n --> U/msa/m/n on input line 42.
LaTeX Font Info:    Overwriting symbol font `AMSa' in version `bold'
(Font)                  U/msa/m/n --> U/msa/m/n on input line 42.
Package hyperref Info: Link coloring ON on input line 42.
 (./main.out) (./main.out)
\@outlinefile=\write3
\openout3 = `main.out'.

LaTeX Info: Command `\dddot' is already robust on input line 42.
LaTeX Info: Command `\ddddot' is already robust on input line 42.


Package siunitx Warning: Detected the "physics" package:
(siunitx)                omitting definition of \qty.
(siunitx)                
(siunitx)                If you want to use \qty with the siunitx definition,
(siunitx)                add 
(siunitx)                
(siunitx)                    \AtBeginDocument{\RenewCommandCopy\qty\SI}
(siunitx)                
(siunitx)                to your preamble.

(/usr/share/texmf-dist/tex/latex/translations/translations-basic-dictionary-german.trsl
File: translations-basic-dictionary-german.trsl (german translation file `translations-basic-dictionary')
)
Package translations Info: loading dictionary `translations-basic-dictionary' for `german'. on input line 42.
\c@lstlisting=\count357
LaTeX Font Info:    Calculating math sizes for size <12.045> on input line 50.
LaTeX Font Info:    Trying to load font information for U+msa on input line 50.
 (/usr/share/texmf-dist/tex/latex/amsfonts/umsa.fd
File: umsa.fd 2013/01/14 v3.01 AMS symbols A
)
LaTeX Font Info:    Trying to load font information for U+msb on input line 50.
 (/usr/share/texmf-dist/tex/latex/amsfonts/umsb.fd
File: umsb.fd 2013/01/14 v3.01 AMS symbols B
)
LaTeX Font Info:    Trying to load font information for U+rsfs on input line 50.
 (/usr/share/texmf-dist/tex/latex/jknapltx/ursfs.fd
File: ursfs.fd 1998/03/24 rsfs font definition file (jk)
)
LaTeX Font Info:    Trying to load font information for U+ntxmia on input line 50.
 (/usr/share/texmf-dist/tex/latex/newtx/untxmia.fd
File: untxmia.fd 2018/04/14 Fontinst v1.933 font definitions for U/ntxmia.
)
LaTeX Font Info:    Trying to load font information for U+ntxsym on input line 50.
 (/usr/share/texmf-dist/tex/latex/newtx/untxsym.fd
File: untxsym.fd 2023/08/16 Fontinst v1.933 font definitions for U/ntxsym.
)
LaTeX Font Info:    Trying to load font information for U+ntxsyc on input line 50.
 (/usr/share/texmf-dist/tex/latex/newtx/untxsyc.fd
File: untxsyc.fd 2012/04/12 Fontinst v1.933 font definitions for U/ntxsyc.
)
LaTeX Font Info:    Calculating math sizes for size <11.04124> on input line 50.
LaTeX Font Info:    Calculating math sizes for size <10.03749> on input line 50.


LaTeX Font Warning: Font shape `OT1/cmr/m/n' in size <5.52065> not available
(Font)              size <6> substituted on input line 50.


LaTeX Font Warning: Font shape `U/rsfs/m/n' in size <5.52065> not available
(Font)              size <6> substituted on input line 50.

(./Einleitung.tex) (./Teleskop.tex
<Cassegrain.en.png, id=73, 935.495pt x 696.6025pt>
File: Cassegrain.en.png Graphic file (type png)
<use Cassegrain.en.png>
Package pdftex.def Info: Cassegrain.en.png  used on input line 5.
(pdftex.def)             Requested size: 227.62204pt x 169.49457pt.

Overfull \hbox (11.3811pt too wide) in paragraph at lines 5--6
 [][] 
 []

) (./Spektrograph.tex
<464_dados_spektrograph.png, id=76, 1294.8375pt x 555.07375pt>
File: 464_dados_spektrograph.png Graphic file (type png)
<use 464_dados_spektrograph.png>
Package pdftex.def Info: 464_dados_spektrograph.png  used on input line 5.
(pdftex.def)             Requested size: 227.62204pt x 97.5713pt.

Overfull \hbox (11.3811pt too wide) in paragraph at lines 5--6
 [][] 
 []

<464_dados_schema.png, id=78, 735.74875pt x 604.2575pt>
File: 464_dados_schema.png Graphic file (type png)
<use 464_dados_schema.png>
Package pdftex.def Info: 464_dados_schema.png  used on input line 10.
(pdftex.def)             Requested size: 227.62204pt x 186.93985pt.

Overfull \hbox (11.3811pt too wide) in paragraph at lines 10--11
 [][] 
 []


Underfull \hbox (badness 1721) in paragraph at lines 11--11
[]\OT1/cmr/bx/n/8 Abbildung 3 []\OT1/cmr/m/n/8 Schematische Zeich-nung des DADOS--
 []

) (./Kalibrierung.tex
Underfull \vbox (badness 10000) has occurred while \output is active []


Underfull \hbox (badness 10000) has occurred while \output is active
[]| []
 []

[1{/var/lib/texmf/fonts/map/pdftex/updmap/pdftex.map}



pdfTeX warning (ext4): destination with the same identifier (name{figure.1}) has been already used, duplicate ignored
<argument> ...shipout:D \box_use:N \l_shipout_box 
                                                  \__shipout_drop_firstpage_...
l.8 
     <./Cassegrain.en.png>]) (./Abhängigkeit-der-H-a-Linie-von-der-Spektralklasse.tex

Package hyperref Warning: Token not allowed in a PDF string (Unicode):
(hyperref)                removing `math shift' on input line 1.


Package hyperref Warning: Token not allowed in a PDF string (Unicode):
(hyperref)                removing `\alpha' on input line 1.


Package hyperref Warning: Token not allowed in a PDF string (Unicode):
(hyperref)                removing `math shift' on input line 1.


Package hyperref Warning: Token not allowed in a PDF string (Unicode):
(hyperref)                removing `\\' on input line 1.

<464_stellar_classification_chart.png, id=101, 192.72pt x 124.0635pt>
File: 464_stellar_classification_chart.png Graphic file (type png)
<use 464_stellar_classification_chart.png>
Package pdftex.def Info: 464_stellar_classification_chart.png  used on input line 8.
(pdftex.def)             Requested size: 227.62204pt x 146.53183pt.

Overfull \hbox (11.3811pt too wide) in paragraph at lines 8--9
 [][] 
 []

) (./T-H-Wasserstoff.tex) (./T-H-Spektralklassen.tex)
Underfull \hbox (badness 1019) in paragraph at lines 2--64
\OT1/cmr/m/n/10 von un-ter-schied-li-chen Wel-lenl[]angen emit-tie-ren,
 []


Underfull \vbox (badness 10000) has occurred while \output is active []


Underfull \hbox (badness 10000) has occurred while \output is active
[]| []
 []

[2
pdfTeX warning (ext4): destination with the same identifier (name{figure.2}) has been already used, duplicate ignored
<argument> ...shipout:D \box_use:N \l_shipout_box 
                                                  \__shipout_drop_firstpage_...
l.64 
     
pdfTeX warning (ext4): destination with the same identifier (name{figure.3}) has been already used, duplicate ignored
<argument> ...shipout:D \box_use:N \l_shipout_box 
                                                  \__shipout_drop_firstpage_...
l.64 
     
pdfTeX warning (ext4): destination with the same identifier (name{figure.4}) has been already used, duplicate ignored
<argument> ...shipout:D \box_use:N \l_shipout_box 
                                                  \__shipout_drop_firstpage_...
l.64 
      <./464_dados_spektrograph.png (PNG copy)> <./464_dados_schema.png (PNG copy)> <./464_stellar_classification_chart.png>] (./D-A-Sternspektren.tex

Package hyperref Warning: Token not allowed in a PDF string (Unicode):
(hyperref)                removing `\\' on input line 1.

) (./Beobachtet.tex) (./Bereitgestellt.tex
Underfull \hbox (badness 10000) in paragraph at lines 1--1
|[]\OT1/cmr/m/it/10 Bereitgestellt: HD109358(G0),
 []


Underfull \hbox (badness 10000) in paragraph at lines 1--1
\OT1/cmr/m/it/10 HD134083(F5), HD21428(B3),
 []


Underfull \hbox (badness 4217) in paragraph at lines 2--7
\OT1/cmr/m/n/10 Da die auf-ge-nom-me-nen Stern-spek-tren al-lein
 []


Underfull \hbox (badness 3601) in paragraph at lines 2--7
\OT1/cmr/m/n/10 HD109358(G0), HD134083(F5), HD21428(B3),
 []

LaTeX Font Info:    Calculating math sizes for size <8.03> on input line 23.

LaTeX Font Warning: Font shape `OT1/cmr/m/n' in size <4.41652> not available
(Font)              size <5> substituted on input line 23.


LaTeX Font Warning: Font shape `U/rsfs/m/n' in size <4.41652> not available
(Font)              size <5> substituted on input line 23.


LaTeX Warning: `h' float specifier changed to `ht'.


Underfull \vbox (badness 10000) has occurred while \output is active []


Underfull \hbox (badness 10000) has occurred while \output is active
[]| []
 []

[3]) (./Sternwinde.tex) (./T-H-Sternwinde.tex) (./T-H-P-Cygni-Profil.tex
<464_p_cygni_profil.png, id=169, 1419.3025pt x 504.88625pt>
File: 464_p_cygni_profil.png Graphic file (type png)
<use 464_p_cygni_profil.png>
Package pdftex.def Info: 464_p_cygni_profil.png  used on input line 5.
(pdftex.def)             Requested size: 227.62204pt x 80.96834pt.

Overfull \hbox (11.3811pt too wide) in paragraph at lines 5--6
 [][] 
 []


LaTeX Font Warning: Font shape `OT1/cmr/m/n' in size <5.5> not available
(Font)              size <5> substituted on input line 6.


LaTeX Font Warning: Font shape `U/rsfs/m/n' in size <5.5> not available
(Font)              size <5> substituted on input line 6.


Underfull \hbox (badness 1478) in paragraph at lines 9--17
[]\OT1/cmr/m/n/10 Innerhalb des Win-des emit-tiert der Stern
 []


Overfull \vbox (1.62727pt too high) has occurred while \output is active []


Underfull \vbox (badness 10000) has occurred while \output is active []


Underfull \hbox (badness 10000) has occurred while \output is active
[]| []
 []

[4
pdfTeX warning (ext4): destination with the same identifier (name{table.1}) has been already used, duplicate ignored
<argument> ...shipout:D \box_use:N \l_shipout_box 
                                                  \__shipout_drop_firstpage_...
l.25 
     
pdfTeX warning (ext4): destination with the same identifier (name{figure.5}) has been already used, duplicate ignored
<argument> ...shipout:D \box_use:N \l_shipout_box 
                                                  \__shipout_drop_firstpage_...
l.25 
      <./464_p_cygni_profil.png (PNG copy)>]) (./D-A-P-Cygni-v.tex

Package hyperref Warning: Token not allowed in a PDF string (Unicode):
(hyperref)                removing `\\' on input line 1.


LaTeX Warning: Command \r invalid in math mode on input line 12.


LaTeX Warning: Command \r invalid in math mode on input line 12.

) (./D-A-P-Cygni-R.tex

Package hyperref Warning: Token not allowed in a PDF string (Unicode):
(hyperref)                removing `\\' on input line 1.

) (./Fazit.tex

LaTeX Warning: Reference `eq:saha' on page 5 undefined on input line 3.


Underfull \hbox (badness 2503) in paragraph at lines 2--7
\OT1/cmr/m/n/10 Mit der Ana-ly-se der H$\OML/ntxmi/m/it/10.03749 $ \OT1/cmr/m/n/10 Li-nie wur-den die
 []

) (./main.bbl
Underfull \vbox (badness 10000) has occurred while \output is active []


Underfull \hbox (badness 10000) has occurred while \output is active
[]| []
 []

[5]
Underfull \hbox (badness 10000) in paragraph at lines 49--54
[]\OT1/cmr/m/n/10 Cassegrain re-flec-tor. [][]$https : / / en . wikipedia .
 []


Underfull \hbox (badness 10000) in paragraph at lines 68--73
[]\OT1/cmr/m/n/10 Spektralklasse. [][]$https : / / de . wikipedia .
 []


Underfull \hbox (badness 10000) in paragraph at lines 68--73
\OT1/cmr/m/n/10 org / wiki / Spektralklasse$[][]. Letz-ter Zu-griff:
 []


Underfull \hbox (badness 7151) in paragraph at lines 77--82
[]\OT1/cmr/m/n/10 Ionization, Sa-ha Equa-ti-on. [][]$https : / / www .
 []


Underfull \hbox (badness 10000) in paragraph at lines 77--82
\OT1/cmr/m/n/10 astro . princeton . edu / []gk / A403 / ioniz . pdf$[][].
 []


Underfull \hbox (badness 10000) in paragraph at lines 86--91
\OT1/cmr/m/n/10 cds . unistra . fr / viz-[]bin / VizieR-[]5 ? -[]out . add =
 []


Underfull \hbox (badness 10000) in paragraph at lines 86--91
\OT1/cmr/m/n/10 . & -[]source = III / 252 / table8 & HIP = 100044$[][].
 []

)
Underfull \vbox (badness 10000) has occurred while \output is active []


Underfull \hbox (badness 10000) has occurred while \output is active
[]| []
 []

[6

] (./Appendix.tex (./109358-G0_data.tex
\gptboxheight=\skip76
\gptboxwidth=\skip77
\gptboxtext=\box89


pdfTeX warning: pdflatex (file ./109358-G0_data.pdf): PDF inclusion: found PDF version <1.7>, but at most version <1.5> allowed
<109358-G0_data.pdf, id=230, 361.35pt x 216.81pt>
File: 109358-G0_data.pdf Graphic file (type pdf)
<use 109358-G0_data.pdf>
Package pdftex.def Info: 109358-G0_data.pdf  used on input line 135.
(pdftex.def)             Requested size: 361.35463pt x 216.81938pt.
)
Overfull \hbox (11.38869pt too wide) in paragraph at lines 21--22
 [][] 
 []

(./109358-G0_gauss.tex

pdfTeX warning: pdflatex (file ./109358-G0_gauss.pdf): PDF inclusion: found PDF version <1.7>, but at most version <1.5> allowed
<109358-G0_gauss.pdf, id=231, 361.35pt x 216.81pt>
File: 109358-G0_gauss.pdf Graphic file (type pdf)
<use 109358-G0_gauss.pdf>
Package pdftex.def Info: 109358-G0_gauss.pdf  used on input line 123.
(pdftex.def)             Requested size: 361.35463pt x 216.81938pt.
)
Overfull \hbox (11.38869pt too wide) in paragraph at lines 26--27
 [][] 
 []

(./109358-G0_kali.tex

pdfTeX warning: pdflatex (file ./109358-G0_kali.pdf): PDF inclusion: found PDF version <1.7>, but at most version <1.5> allowed
<109358-G0_kali.pdf, id=232, 361.35pt x 216.81pt>
File: 109358-G0_kali.pdf Graphic file (type pdf)
<use 109358-G0_kali.pdf>
Package pdftex.def Info: 109358-G0_kali.pdf  used on input line 139.
(pdftex.def)             Requested size: 361.35463pt x 216.81938pt.
)
Overfull \hbox (11.38869pt too wide) in paragraph at lines 31--32
 [][] 
 []


LaTeX Warning: `h' float specifier changed to `ht'.

(./134083-F5_data.tex

pdfTeX warning: pdflatex (file ./134083-F5_data.pdf): PDF inclusion: found PDF version <1.7>, but at most version <1.5> allowed
<134083-F5_data.pdf, id=233, 361.35pt x 216.81pt>
File: 134083-F5_data.pdf Graphic file (type pdf)
<use 134083-F5_data.pdf>
Package pdftex.def Info: 134083-F5_data.pdf  used on input line 135.
(pdftex.def)             Requested size: 361.35463pt x 216.81938pt.
)
Overfull \hbox (11.38869pt too wide) in paragraph at lines 36--37
 [][] 
 []


LaTeX Warning: `h' float specifier changed to `ht'.

(./134083-F5_gauss.tex

pdfTeX warning: pdflatex (file ./134083-F5_gauss.pdf): PDF inclusion: found PDF version <1.7>, but at most version <1.5> allowed
<134083-F5_gauss.pdf, id=234, 361.35pt x 216.81pt>
File: 134083-F5_gauss.pdf Graphic file (type pdf)
<use 134083-F5_gauss.pdf>
Package pdftex.def Info: 134083-F5_gauss.pdf  used on input line 129.
(pdftex.def)             Requested size: 361.35463pt x 216.81938pt.
)
Overfull \hbox (11.38869pt too wide) in paragraph at lines 41--42
 [][] 
 []


LaTeX Warning: `h' float specifier changed to `ht'.

(./134083-F5_kali.tex

pdfTeX warning: pdflatex (file ./134083-F5_kali.pdf): PDF inclusion: found PDF version <1.7>, but at most version <1.5> allowed
<134083-F5_kali.pdf, id=235, 361.35pt x 216.81pt>
File: 134083-F5_kali.pdf Graphic file (type pdf)
<use 134083-F5_kali.pdf>
Package pdftex.def Info: 134083-F5_kali.pdf  used on input line 139.
(pdftex.def)             Requested size: 361.35463pt x 216.81938pt.
)
Overfull \hbox (11.38869pt too wide) in paragraph at lines 46--47
 [][] 
 []


LaTeX Warning: `h' float specifier changed to `ht'.

(./21428-B3_data.tex

pdfTeX warning: pdflatex (file ./21428-B3_data.pdf): PDF inclusion: found PDF version <1.7>, but at most version <1.5> allowed
<21428-B3_data.pdf, id=236, 361.35pt x 216.81pt>
File: 21428-B3_data.pdf Graphic file (type pdf)
<use 21428-B3_data.pdf>
Package pdftex.def Info: 21428-B3_data.pdf  used on input line 131.
(pdftex.def)             Requested size: 361.35463pt x 216.81938pt.
)
Overfull \hbox (11.38869pt too wide) in paragraph at lines 51--52
 [][] 
 []


LaTeX Warning: `h' float specifier changed to `ht'.

(./21428-B3_gauss.tex

pdfTeX warning: pdflatex (file ./21428-B3_gauss.pdf): PDF inclusion: found PDF version <1.7>, but at most version <1.5> allowed
<21428-B3_gauss.pdf, id=237, 361.35pt x 216.81pt>
File: 21428-B3_gauss.pdf Graphic file (type pdf)
<use 21428-B3_gauss.pdf>
Package pdftex.def Info: 21428-B3_gauss.pdf  used on input line 131.
(pdftex.def)             Requested size: 361.35463pt x 216.81938pt.
)
Overfull \hbox (11.38869pt too wide) in paragraph at lines 56--57
 [][] 
 []


LaTeX Warning: `h' float specifier changed to `ht'.

(./21428-B3_kali.tex

pdfTeX warning: pdflatex (file ./21428-B3_kali.pdf): PDF inclusion: found PDF version <1.7>, but at most version <1.5> allowed
<21428-B3_kali.pdf, id=238, 361.35pt x 216.81pt>
File: 21428-B3_kali.pdf Graphic file (type pdf)
<use 21428-B3_kali.pdf>
Package pdftex.def Info: 21428-B3_kali.pdf  used on input line 137.
(pdftex.def)             Requested size: 361.35463pt x 216.81938pt.
)
Overfull \hbox (11.38869pt too wide) in paragraph at lines 61--62
 [][] 
 []


LaTeX Warning: `h' float specifier changed to `ht'.

(./29488-A5_data.tex

pdfTeX warning: pdflatex (file ./29488-A5_data.pdf): PDF inclusion: found PDF version <1.7>, but at most version <1.5> allowed
<29488-A5_data.pdf, id=239, 361.35pt x 216.81pt>
File: 29488-A5_data.pdf Graphic file (type pdf)
<use 29488-A5_data.pdf>
Package pdftex.def Info: 29488-A5_data.pdf  used on input line 133.
(pdftex.def)             Requested size: 361.35463pt x 216.81938pt.
)
Overfull \hbox (11.38869pt too wide) in paragraph at lines 66--67
 [][] 
 []


LaTeX Warning: `h' float specifier changed to `ht'.

(./29488-A5_gauss.tex

pdfTeX warning: pdflatex (file ./29488-A5_gauss.pdf): PDF inclusion: found PDF version <1.7>, but at most version <1.5> allowed
<29488-A5_gauss.pdf, id=240, 361.35pt x 216.81pt>
File: 29488-A5_gauss.pdf Graphic file (type pdf)
<use 29488-A5_gauss.pdf>
Package pdftex.def Info: 29488-A5_gauss.pdf  used on input line 123.
(pdftex.def)             Requested size: 361.35463pt x 216.81938pt.
)
Overfull \hbox (11.38869pt too wide) in paragraph at lines 71--72
 [][] 
 []


LaTeX Warning: `h' float specifier changed to `ht'.

(./29488-A5_kali.tex

pdfTeX warning: pdflatex (file ./29488-A5_kali.pdf): PDF inclusion: found PDF version <1.7>, but at most version <1.5> allowed
<29488-A5_kali.pdf, id=241, 361.35pt x 216.81pt>
File: 29488-A5_kali.pdf Graphic file (type pdf)
<use 29488-A5_kali.pdf>
Package pdftex.def Info: 29488-A5_kali.pdf  used on input line 143.
(pdftex.def)             Requested size: 361.35463pt x 216.81938pt.
)
Overfull \hbox (11.38869pt too wide) in paragraph at lines 76--77
 [][] 
 []


LaTeX Warning: `h' float specifier changed to `ht'.

(./60179-A1_data.tex

pdfTeX warning: pdflatex (file ./60179-A1_data.pdf): PDF inclusion: found PDF version <1.7>, but at most version <1.5> allowed
<60179-A1_data.pdf, id=242, 361.35pt x 216.81pt>
File: 60179-A1_data.pdf Graphic file (type pdf)
<use 60179-A1_data.pdf>
Package pdftex.def Info: 60179-A1_data.pdf  used on input line 133.
(pdftex.def)             Requested size: 361.35463pt x 216.81938pt.
)
Overfull \hbox (11.38869pt too wide) in paragraph at lines 81--82
 [][] 
 []


LaTeX Warning: `h' float specifier changed to `ht'.

(./60179-A1_gauss.tex

pdfTeX warning: pdflatex (file ./60179-A1_gauss.pdf): PDF inclusion: found PDF version <1.7>, but at most version <1.5> allowed
<60179-A1_gauss.pdf, id=243, 361.35pt x 216.81pt>
File: 60179-A1_gauss.pdf Graphic file (type pdf)
<use 60179-A1_gauss.pdf>
Package pdftex.def Info: 60179-A1_gauss.pdf  used on input line 123.
(pdftex.def)             Requested size: 361.35463pt x 216.81938pt.
)
Overfull \hbox (11.38869pt too wide) in paragraph at lines 86--87
 [][] 
 []


LaTeX Warning: `h' float specifier changed to `ht'.

(./60179-A1_kali.tex

pdfTeX warning: pdflatex (file ./60179-A1_kali.pdf): PDF inclusion: found PDF version <1.7>, but at most version <1.5> allowed
<60179-A1_kali.pdf, id=244, 361.35pt x 216.81pt>
File: 60179-A1_kali.pdf Graphic file (type pdf)
<use 60179-A1_kali.pdf>
Package pdftex.def Info: 60179-A1_kali.pdf  used on input line 139.
(pdftex.def)             Requested size: 361.35463pt x 216.81938pt.
)
Overfull \hbox (11.38869pt too wide) in paragraph at lines 91--92
 [][] 
 []


LaTeX Warning: `h' float specifier changed to `ht'.

(./äquivalenzbreiten.tex

pdfTeX warning: pdflatex (file ./äquivalenzbreiten.pdf): PDF inclusion: found PDF version <1.7>, but at most version <1.5> allowed
<äquivalenzbreiten.pdf, id=245, 361.35pt x 216.81pt>
File: äquivalenzbreiten.pdf Graphic file (type pdf)
<use äquivalenzbreiten.pdf>
Package pdftex.def Info: äquivalenzbreiten.pdf  used on input line 149.
(pdftex.def)             Requested size: 361.35463pt x 216.81938pt.
)
Overfull \hbox (11.38869pt too wide) in paragraph at lines 96--97
 [][] 
 []


LaTeX Warning: `h' float specifier changed to `ht'.

(./P_Cygni_spectra.tex

pdfTeX warning: pdflatex (file ./P_Cygni_spectra.pdf): PDF inclusion: found PDF version <1.7>, but at most version <1.5> allowed
<P_Cygni_spectra.pdf, id=246, 361.35pt x 216.81pt>
File: P_Cygni_spectra.pdf Graphic file (type pdf)
<use P_Cygni_spectra.pdf>
Package pdftex.def Info: P_Cygni_spectra.pdf  used on input line 131.
(pdftex.def)             Requested size: 361.35463pt x 216.81938pt.
)
Overfull \hbox (11.38869pt too wide) in paragraph at lines 101--102
 [][] 
 []


LaTeX Warning: `h' float specifier changed to `ht'.

(./P-Cygni_He2_gauss.tex

pdfTeX warning: pdflatex (file ./P-Cygni_He2_gauss.pdf): PDF inclusion: found PDF version <1.7>, but at most version <1.5> allowed
<P-Cygni_He2_gauss.pdf, id=247, 361.35pt x 216.81pt>
File: P-Cygni_He2_gauss.pdf Graphic file (type pdf)
<use P-Cygni_He2_gauss.pdf>
Package pdftex.def Info: P-Cygni_He2_gauss.pdf  used on input line 121.
(pdftex.def)             Requested size: 361.35463pt x 216.81938pt.
)
Overfull \hbox (11.38869pt too wide) in paragraph at lines 106--107
 [][] 
 []


LaTeX Warning: `h' float specifier changed to `ht'.

(./P-Cygni_H_gauss.tex

pdfTeX warning: pdflatex (file ./P-Cygni_H_gauss.pdf): PDF inclusion: found PDF version <1.7>, but at most version <1.5> allowed
<P-Cygni_H_gauss.pdf, id=248, 361.35pt x 216.81pt>
File: P-Cygni_H_gauss.pdf Graphic file (type pdf)
<use P-Cygni_H_gauss.pdf>
Package pdftex.def Info: P-Cygni_H_gauss.pdf  used on input line 133.
(pdftex.def)             Requested size: 361.35463pt x 216.81938pt.
)
Overfull \hbox (11.38869pt too wide) in paragraph at lines 111--112
 [][] 
 []


LaTeX Warning: `h' float specifier changed to `ht'.

(./P-Cygni_N2_gauss.tex

pdfTeX warning: pdflatex (file ./P-Cygni_N2_gauss.pdf): PDF inclusion: found PDF version <1.7>, but at most version <1.5> allowed
<P-Cygni_N2_gauss.pdf, id=249, 361.35pt x 216.81pt>
File: P-Cygni_N2_gauss.pdf Graphic file (type pdf)
<use P-Cygni_N2_gauss.pdf>
Package pdftex.def Info: P-Cygni_N2_gauss.pdf  used on input line 125.
(pdftex.def)             Requested size: 361.35463pt x 216.81938pt.
)
Overfull \hbox (11.38869pt too wide) in paragraph at lines 116--117
 [][] 
 []


LaTeX Warning: `h' float specifier changed to `ht'.

(./P-Cygni_Si3_doublet.tex

pdfTeX warning: pdflatex (file ./P-Cygni_Si3_doublet.pdf): PDF inclusion: found PDF version <1.7>, but at most version <1.5> allowed
<P-Cygni_Si3_doublet.pdf, id=250, 361.35pt x 216.81pt>
File: P-Cygni_Si3_doublet.pdf Graphic file (type pdf)
<use P-Cygni_Si3_doublet.pdf>
Package pdftex.def Info: P-Cygni_Si3_doublet.pdf  used on input line 137.
(pdftex.def)             Requested size: 361.35463pt x 216.81938pt.
)
Overfull \hbox (11.38869pt too wide) in paragraph at lines 121--122
 [][] 
 []


LaTeX Warning: `h' float specifier changed to `ht'.

<HD32630_beob.jpeg, id=251, 1201.48875pt x 701.62125pt>
File: HD32630_beob.jpeg Graphic file (type jpg)
<use HD32630_beob.jpeg>
Package pdftex.def Info: HD32630_beob.jpeg  used on input line 126.
(pdftex.def)             Requested size: 227.62204pt x 132.9133pt.

Overfull \hbox (11.3811pt too wide) in paragraph at lines 126--127
 [][] 
 []

<eigenes_spektrum_pcygni.png, id=252, 992.70876pt x 634.37pt>
File: eigenes_spektrum_pcygni.png Graphic file (type png)
<use eigenes_spektrum_pcygni.png>
Package pdftex.def Info: eigenes_spektrum_pcygni.png  used on input line 131.
(pdftex.def)             Requested size: 227.62204pt x 145.45676pt.

Overfull \hbox (11.3811pt too wide) in paragraph at lines 131--132
 [][] 
 []

<gestellter_stern_hd109358.png, id=253, 966.61125pt x 643.40375pt>
File: gestellter_stern_hd109358.png Graphic file (type png)
<use gestellter_stern_hd109358.png>
Package pdftex.def Info: gestellter_stern_hd109358.png  used on input line 136.
(pdftex.def)             Requested size: 227.62204pt x 151.50424pt.

Overfull \hbox (11.3811pt too wide) in paragraph at lines 136--137
 [][] 
 []

)
Underfull \vbox (badness 10000) has occurred while \output is active []


Underfull \hbox (badness 10000) has occurred while \output is active
[]| []
 []

[7


pdfTeX warning (ext4): destination with the same identifier (name{figure.6}) has been already used, duplicate ignored
<argument> ...shipout:D \box_use:N \l_shipout_box 
                                                  \__shipout_drop_firstpage_...
l.88 \end{document}
                   
pdfTeX warning (ext4): destination with the same identifier (name{figure.7}) has been already used, duplicate ignored
<argument> ...shipout:D \box_use:N \l_shipout_box 
                                                  \__shipout_drop_firstpage_...
l.88 \end{document}
                   
pdfTeX warning (ext4): destination with the same identifier (name{figure.8}) has been already used, duplicate ignored
<argument> ...shipout:D \box_use:N \l_shipout_box 
                                                  \__shipout_drop_firstpage_...
l.88 \end{document}
                   
pdfTeX warning (ext4): destination with the same identifier (name{figure.9}) has been already used, duplicate ignored
<argument> ...shipout:D \box_use:N \l_shipout_box 
                                                  \__shipout_drop_firstpage_...
l.88 \end{document}
                   
pdfTeX warning (ext4): destination with the same identifier (name{figure.10}) has been already used, duplicate ignored
<argument> ...shipout:D \box_use:N \l_shipout_box 
                                                  \__shipout_drop_firstpage_...
l.88 \end{document}
                    <./109358-G0_data.pdf> <./109358-G0_gauss.pdf

pdfTeX warning: pdflatex (file ./109358-G0_gauss.pdf): PDF inclusion: multiple pdfs with page group included in a single page
> <./109358-G0_kali.pdf

pdfTeX warning: pdflatex (file ./109358-G0_kali.pdf): PDF inclusion: multiple pdfs with page group included in a single page
> <./134083-F5_data.pdf

pdfTeX warning: pdflatex (file ./134083-F5_data.pdf): PDF inclusion: multiple pdfs with page group included in a single page
> <./134083-F5_gauss.pdf

pdfTeX warning: pdflatex (file ./134083-F5_gauss.pdf): PDF inclusion: multiple pdfs with page group included in a single page
>]
Underfull \hbox (badness 10000) has occurred while \output is active
[]| []
 []

[8
pdfTeX warning (ext4): destination with the same identifier (name{table.2}) has been already used, duplicate ignored
<argument> ...shipout:D \box_use:N \l_shipout_box 
                                                  \__shipout_drop_firstpage_...
l.88 \end{document}
                   
pdfTeX warning (ext4): destination with the same identifier (name{figure.11}) has been already used, duplicate ignored
<argument> ...shipout:D \box_use:N \l_shipout_box 
                                                  \__shipout_drop_firstpage_...
l.88 \end{document}
                   
pdfTeX warning (ext4): destination with the same identifier (name{figure.12}) has been already used, duplicate ignored
<argument> ...shipout:D \box_use:N \l_shipout_box 
                                                  \__shipout_drop_firstpage_...
l.88 \end{document}
                   
pdfTeX warning (ext4): destination with the same identifier (name{figure.13}) has been already used, duplicate ignored
<argument> ...shipout:D \box_use:N \l_shipout_box 
                                                  \__shipout_drop_firstpage_...
l.88 \end{document}
                   
pdfTeX warning (ext4): destination with the same identifier (name{figure.14}) has been already used, duplicate ignored
<argument> ...shipout:D \box_use:N \l_shipout_box 
                                                  \__shipout_drop_firstpage_...
l.88 \end{document}
                   
pdfTeX warning (ext4): destination with the same identifier (name{figure.15}) has been already used, duplicate ignored
<argument> ...shipout:D \box_use:N \l_shipout_box 
                                                  \__shipout_drop_firstpage_...
l.88 \end{document}
                   
pdfTeX warning (ext4): destination with the same identifier (name{figure.16}) has been already used, duplicate ignored
<argument> ...shipout:D \box_use:N \l_shipout_box 
                                                  \__shipout_drop_firstpage_...
l.88 \end{document}
                    <./134083-F5_kali.pdf> <./21428-B3_data.pdf

pdfTeX warning: pdflatex (file ./21428-B3_data.pdf): PDF inclusion: multiple pdfs with page group included in a single page
> <./21428-B3_gauss.pdf

pdfTeX warning: pdflatex (file ./21428-B3_gauss.pdf): PDF inclusion: multiple pdfs with page group included in a single page
> <./21428-B3_kali.pdf

pdfTeX warning: pdflatex (file ./21428-B3_kali.pdf): PDF inclusion: multiple pdfs with page group included in a single page
> <./29488-A5_data.pdf

pdfTeX warning: pdflatex (file ./29488-A5_data.pdf): PDF inclusion: multiple pdfs with page group included in a single page
> <./29488-A5_gauss.pdf

pdfTeX warning: pdflatex (file ./29488-A5_gauss.pdf): PDF inclusion: multiple pdfs with page group included in a single page
>]
Underfull \hbox (badness 10000) has occurred while \output is active
[]| []
 []

[9
pdfTeX warning (ext4): destination with the same identifier (name{figure.17}) has been already used, duplicate ignored
<argument> ...shipout:D \box_use:N \l_shipout_box 
                                                  \__shipout_drop_firstpage_...
l.88 \end{document}
                   
pdfTeX warning (ext4): destination with the same identifier (name{figure.18}) has been already used, duplicate ignored
<argument> ...shipout:D \box_use:N \l_shipout_box 
                                                  \__shipout_drop_firstpage_...
l.88 \end{document}
                   
pdfTeX warning (ext4): destination with the same identifier (name{figure.19}) has been already used, duplicate ignored
<argument> ...shipout:D \box_use:N \l_shipout_box 
                                                  \__shipout_drop_firstpage_...
l.88 \end{document}
                   
pdfTeX warning (ext4): destination with the same identifier (name{figure.20}) has been already used, duplicate ignored
<argument> ...shipout:D \box_use:N \l_shipout_box 
                                                  \__shipout_drop_firstpage_...
l.88 \end{document}
                   
pdfTeX warning (ext4): destination with the same identifier (name{figure.21}) has been already used, duplicate ignored
<argument> ...shipout:D \box_use:N \l_shipout_box 
                                                  \__shipout_drop_firstpage_...
l.88 \end{document}
                   
pdfTeX warning (ext4): destination with the same identifier (name{figure.22}) has been already used, duplicate ignored
<argument> ...shipout:D \box_use:N \l_shipout_box 
                                                  \__shipout_drop_firstpage_...
l.88 \end{document}
                    <./29488-A5_kali.pdf> <./60179-A1_data.pdf

pdfTeX warning: pdflatex (file ./60179-A1_data.pdf): PDF inclusion: multiple pdfs with page group included in a single page
> <./60179-A1_gauss.pdf

pdfTeX warning: pdflatex (file ./60179-A1_gauss.pdf): PDF inclusion: multiple pdfs with page group included in a single page
> <./60179-A1_kali.pdf

pdfTeX warning: pdflatex (file ./60179-A1_kali.pdf): PDF inclusion: multiple pdfs with page group included in a single page
> <./äquivalenzbreiten.pdf

pdfTeX warning: pdflatex (file ./äquivalenzbreiten.pdf): PDF inclusion: multiple pdfs with page group included in a single page
> <./P_Cygni_spectra.pdf

pdfTeX warning: pdflatex (file ./P_Cygni_spectra.pdf): PDF inclusion: multiple pdfs with page group included in a single page
>]
Underfull \hbox (badness 10000) has occurred while \output is active
[]| []
 []

[10
pdfTeX warning (ext4): destination with the same identifier (name{figure.23}) has been already used, duplicate ignored
<argument> ...shipout:D \box_use:N \l_shipout_box 
                                                  \__shipout_drop_firstpage_...
l.88 \end{document}
                   
pdfTeX warning (ext4): destination with the same identifier (name{figure.24}) has been already used, duplicate ignored
<argument> ...shipout:D \box_use:N \l_shipout_box 
                                                  \__shipout_drop_firstpage_...
l.88 \end{document}
                   
pdfTeX warning (ext4): destination with the same identifier (name{figure.25}) has been already used, duplicate ignored
<argument> ...shipout:D \box_use:N \l_shipout_box 
                                                  \__shipout_drop_firstpage_...
l.88 \end{document}
                   
pdfTeX warning (ext4): destination with the same identifier (name{figure.26}) has been already used, duplicate ignored
<argument> ...shipout:D \box_use:N \l_shipout_box 
                                                  \__shipout_drop_firstpage_...
l.88 \end{document}
                   
pdfTeX warning (ext4): destination with the same identifier (name{figure.27}) has been already used, duplicate ignored
<argument> ...shipout:D \box_use:N \l_shipout_box 
                                                  \__shipout_drop_firstpage_...
l.88 \end{document}
                   
pdfTeX warning (ext4): destination with the same identifier (name{figure.28}) has been already used, duplicate ignored
<argument> ...shipout:D \box_use:N \l_shipout_box 
                                                  \__shipout_drop_firstpage_...
l.88 \end{document}
                    <./P-Cygni_He2_gauss.pdf> <./P-Cygni_H_gauss.pdf

pdfTeX warning: pdflatex (file ./P-Cygni_H_gauss.pdf): PDF inclusion: multiple pdfs with page group included in a single page
> <./P-Cygni_N2_gauss.pdf

pdfTeX warning: pdflatex (file ./P-Cygni_N2_gauss.pdf): PDF inclusion: multiple pdfs with page group included in a single page
> <./P-Cygni_Si3_doublet.pdf

pdfTeX warning: pdflatex (file ./P-Cygni_Si3_doublet.pdf): PDF inclusion: multiple pdfs with page group included in a single page
> <./HD32630_beob.jpeg> <./eigenes_spektrum_pcygni.png>]
Underfull \vbox (badness 10000) has occurred while \output is active []


Underfull \hbox (badness 10000) has occurred while \output is active
[]| []
 []

[11
pdfTeX warning (ext4): destination with the same identifier (name{figure.29}) has been already used, duplicate ignored
<argument> ...shipout:D \box_use:N \l_shipout_box 
                                                  \__shipout_drop_firstpage_...
l.88 \end{document}
                   

 <./gestellter_stern_hd109358.png>] (./main.aux)
 ***********
LaTeX2e <2023-11-01> patch level 1
L3 programming layer <2024-02-20>
 ***********


LaTeX Font Warning: Size substitutions with differences
(Font)              up to 0.58348pt have occurred.


LaTeX Warning: There were undefined references.

Package rerunfilecheck Info: File `main.out' has not changed.
(rerunfilecheck)             Checksum: 6934DE08310AB5035510A3C896A1BBA0;3918.
 ) 
Here is how much of TeX's memory you used:
 23115 strings out of 476023
 404848 string characters out of 5791582
 1996187 words of memory out of 5000000
 44681 multiletter control sequences out of 15000+600000
 631004 words of font info for 232 fonts, out of 8000000 for 9000
 24 hyphenation exceptions out of 8191
 90i,14n,93p,841b,942s stack positions out of 10000i,1000n,20000p,200000b,200000s
</usr/share/texmf-dist/fonts/type1/public/newtx/NewTXMI.pfb></usr/share/texmf-dist/fonts/type1/public/newtx/NewTXMI5.pfb></usr/share/texmf-dist/fonts/type1/public/newtx/NewTXMI7.pfb></usr/share/texmf-dist/fonts/type1/public/amsfonts/cm/cmbx10.pfb></usr/share/texmf-dist/fonts/type1/public/amsfonts/cm/cmbx8.pfb></usr/share/texmf-dist/fonts/type1/public/amsfonts/cm/cmcsc10.pfb></usr/share/texmf-dist/fonts/type1/public/amsfonts/cm/cmr10.pfb></usr/share/texmf-dist/fonts/type1/public/amsfonts/cm/cmr12.pfb></usr/share/texmf-dist/fonts/type1/public/amsfonts/cm/cmr17.pfb></usr/share/texmf-dist/fonts/type1/public/amsfonts/cm/cmr5.pfb></usr/share/texmf-dist/fonts/type1/public/amsfonts/cm/cmr6.pfb></usr/share/texmf-dist/fonts/type1/public/amsfonts/cm/cmr7.pfb></usr/share/texmf-dist/fonts/type1/public/amsfonts/cm/cmr8.pfb></usr/share/texmf-dist/fonts/type1/public/amsfonts/cm/cmr9.pfb></usr/share/texmf-dist/fonts/type1/public/amsfonts/cm/cmti10.pfb></usr/share/texmf-dist/fonts/type1/public/newtx/txexs.pfb></usr/share/texmf-dist/fonts/type1/public/newtx/txmiaX.pfb></usr/share/texmf-dist/fonts/type1/public/newtx/txsys.pfb>
Output written on main.pdf (11 pages, 1877574 bytes).
PDF statistics:
 396 PDF objects out of 1000 (max. 8388607)
 314 compressed objects within 4 object streams
 76 named destinations out of 1000 (max. 500000)
 282 words of extra memory for PDF output out of 10000 (max. 10000000)

